app/bin/outputs/logs/manifest-merger-debug-report.txt
-- Merging decision tree log ---
manifest
ADDED from src\main\AndroidManifest.xml:2:1-53:12
	package
		ADDED from src\main\AndroidManifest.xml:3:5-46
		INJECTED from src\main\AndroidManifest.xml
		INJECTED from src\main\AndroidManifest.xml
	android:versionName
		INJECTED from src\main\AndroidManifest.xml
		INJECTED from src\main\AndroidManifest.xml
	xmlns:android
		ADDED from src\main\AndroidManifest.xml:2:11-69
	android:versionCode
		INJECTED from src\main\AndroidManifest.xml
		INJECTED from src\main\AndroidManifest.xml
uses-permission#android.permission.INTERNET
ADDED from src\main\AndroidManifest.xml:5:5-67
MERGED from [CommunityAlliance.Libraries:DroidPlugin:unspecified] AndroidManifest.xml:58:5-67
	android:name
		ADDED from src\main\AndroidManifest.xml:5:22-64
uses-permission#android.permission.READ_EXTERNAL_STORAGE
ADDED from src\main\AndroidManifest.xml:7:5-80
MERGED from [CommunityAlliance.Libraries:DroidPlugin:unspecified] AndroidManifest.xml:69:5-80
	android:name
		ADDED from src\main\AndroidManifest.xml:7:22-77
uses-permission#android.permission.WRITE_EXTERNAL_STORAGE
ADDED from src\main\AndroidManifest.xml:9:5-81
MERGED from [CommunityAlliance.Libraries:DroidPlugin:unspecified] AndroidManifest.xml:100:5-81
	android:name
		ADDED from src\main\AndroidManifest.xml:9:22-78
uses-permission#android.permission.MOUNT_UNMOUNT_FILESYSTEMS
ADDED from src\main\AndroidManifest.xml:10:5-84
MERGED from [CommunityAlliance.Libraries:DroidPlugin:unspecified] AndroidManifest.xml:161:5-84
	android:name
		ADDED from src\main\AndroidManifest.xml:10:22-81
uses-permission#android.permission.RECEIVE_BOOT_COMPLETED
ADDED from src\main\AndroidManifest.xml:12:5-81
MERGED from [CommunityAlliance.Libraries:DroidPlugin:unspecified] AndroidManifest.xml:78:5-81
	android:name
		ADDED from src\main\AndroidManifest.xml:12:22-78
uses-permission#android.permission.MODE_WORLD_READABLE
ADDED from src\main\AndroidManifest.xml:13:5-78
	android:name
		ADDED from src\main\AndroidManifest.xml:13:22-75
uses-permission#android.permission.MODE_WORLD_WRITEABLE
ADDED from src\main\AndroidManifest.xml:14:5-79
	android:name
		ADDED from src\main\AndroidManifest.xml:14:22-76
uses-permission#android.permission.VIBRATE
ADDED from src\main\AndroidManifest.xml:15:5-66
MERGED from [CommunityAlliance.Libraries:DroidPlugin:unspecified] AndroidManifest.xml:95:5-66
	android:name
		ADDED from src\main\AndroidManifest.xml:15:22-63
uses-permission#android.permission.SYSTEM_ALERT_WINDOW
ADDED from src\main\AndroidManifest.xml:16:5-77
MERGED from [CommunityAlliance.Libraries:DroidPlugin:unspecified] AndroidManifest.xml:91:5-78
	android:name
		ADDED from src\main\AndroidManifest.xml:16:22-75
application
ADDED from src\main\AndroidManifest.xml:18:5-51:19
MERGED from [com.android.support:design:25.1.0] AndroidManifest.xml:25:5-20
MERGED from [com.android.support:transition:25.1.0] AndroidManifest.xml:22:5-20
MERGED from [CommunityAlliance.Libraries:DroidPlugin:unspecified] AndroidManifest.xml:180:5-5045:19
MERGED from [com.liulishuo.filedownloader:library:1.4.2] AndroidManifest.xml:11:5-16:19
MERGED from [com.czp.arcProgressBar:ArcProgressBar:1.0.1] AndroidManifest.xml:11:5-15:19
MERGED from [com.android.support:appcompat-v7:25.1.0] AndroidManifest.xml:25:5-20
MERGED from [com.android.support:support-v4:25.1.0] AndroidManifest.xml:25:5-20
MERGED from [com.android.support:support-fragment:25.1.0] AndroidManifest.xml:25:5-20
MERGED from [com.android.support:support-media-compat:25.1.0] AndroidManifest.xml:25:5-20
MERGED from [com.android.support:support-core-ui:25.1.0] AndroidManifest.xml:25:5-20
MERGED from [com.android.support:support-core-utils:25.1.0] AndroidManifest.xml:25:5-20
MERGED from [com.android.support:animated-vector-drawable:25.1.0] AndroidManifest.xml:22:5-20
MERGED from [com.android.support:support-vector-drawable:25.1.0] AndroidManifest.xml:23:5-20
MERGED from [com.android.support:support-compat:25.1.0] AndroidManifest.xml:25:5-20
	android:label
		ADDED from src\main\AndroidManifest.xml:22:9-41
	android:supportsRtl
		ADDED from src\main\AndroidManifest.xml:23:9-35
	android:allowBackup
		ADDED from src\main\AndroidManifest.xml:19:9-35
	android:icon
		ADDED from src\main\AndroidManifest.xml:21:9-43
	android:theme
		ADDED from src\main\AndroidManifest.xml:24:9-40
	android:name
		ADDED from src\main\AndroidManifest.xml:20:9-28
activity#com.example.just.shequnlianmeng.ui.activitys.RelationMapActivity
ADDED from src\main\AndroidManifest.xml:26:9-33:20
	android:name
		ADDED from src\main\AndroidManifest.xml:26:19-67
intent-filter#android.intent.action.MAIN+android.intent.category.LAUNCHER
ADDED from src\main\AndroidManifest.xml:28:13-32:29
action#android.intent.action.MAIN
ADDED from src\main\AndroidManifest.xml:29:17-69
	android:name
		ADDED from src\main\AndroidManifest.xml:29:25-66
category#android.intent.category.LAUNCHER
ADDED from src\main\AndroidManifest.xml:31:17-77
	android:name
		ADDED from src\main\AndroidManifest.xml:31:27-74
activity#com.example.just.shequnlianmeng.ui.activitys.SearchActivity
ADDED from src\main\AndroidManifest.xml:34:9-65
	android:name
		ADDED from src\main\AndroidManifest.xml:34:19-62
activity#com.example.just.shequnlianmeng.MainActivity
ADDED from src\main\AndroidManifest.xml:35:9-50
	android:name
		ADDED from src\main\AndroidManifest.xml:35:19-47
activity#com.example.just.shequnlianmeng.ui.activitys.RecommendInfoActivity
ADDED from src\main\AndroidManifest.xml:36:9-72
	android:name
		ADDED from src\main\AndroidManifest.xml:36:19-69
activity#com.example.just.shequnlianmeng.ui.activitys.RecommendActivity
ADDED from src\main\AndroidManifest.xml:37:9-68
	android:name
		ADDED from src\main\AndroidManifest.xml:37:19-65
activity#com.example.just.shequnlianmeng.ui.activitys.SignPickerActivity
ADDED from src\main\AndroidManifest.xml:38:9-69
	android:name
		ADDED from src\main\AndroidManifest.xml:38:19-66
activity#com.example.just.shequnlianmeng.ui.activitys.ClaimInfoActivity
ADDED from src\main\AndroidManifest.xml:39:9-68
	android:name
		ADDED from src\main\AndroidManifest.xml:39:19-65
meta-data#design_width
ADDED from src\main\AndroidManifest.xml:41:9-43:35
	android:value
		ADDED from src\main\AndroidManifest.xml:43:13-32
	android:name
		ADDED from src\main\AndroidManifest.xml:42:13-40
meta-data#design_height
ADDED from src\main\AndroidManifest.xml:44:9-46:36
	android:value
		ADDED from src\main\AndroidManifest.xml:46:13-33
	android:name
		ADDED from src\main\AndroidManifest.xml:45:13-41
activity#com.example.just.shequnlianmeng.ui.activitys.MineClaimActivity
ADDED from src\main\AndroidManifest.xml:48:9-68
	android:name
		ADDED from src\main\AndroidManifest.xml:48:19-65
activity#com.example.just.shequnlianmeng.ui.activitys.ClaimActiviy
ADDED from src\main\AndroidManifest.xml:49:9-63
	android:name
		ADDED from src\main\AndroidManifest.xml:49:19-60
activity#com.example.just.shequnlianmeng.ui.activitys.LoginActivity
ADDED from src\main\AndroidManifest.xml:50:9-73
	android:name
		ADDED from src\main\AndroidManifest.xml:50:19-61
uses-sdk
INJECTED from src\main\AndroidManifest.xml reason: use-sdk injection requested
MERGED from [com.android.support:multidex:1.0.1] AndroidManifest.xml:18:5-42
MERGED from [com.android.support:design:25.1.0] AndroidManifest.xml:21:5-23:62
MERGED from [com.android.support:recyclerview-v7:25.1.0] AndroidManifest.xml:20:5-43
MERGED from [com.android.support:transition:25.1.0] AndroidManifest.xml:20:5-44
MERGED from [com.jakewharton:butterknife:8.4.0] AndroidManifest.xml:5:5-43
MERGED from [com.zhy:okhttputils:2.6.2] AndroidManifest.xml:7:5-9:41
MERGED from [com.youth.banner:banner:1.4.9] AndroidManifest.xml:7:5-9:41
MERGED from [com.contrarywind:Android-PickerView:3.0.7] AndroidManifest.xml:7:5-9:41
MERGED from [com.zhy:autolayout:1.4.5] AndroidManifest.xml:8:5-10:41
MERGED from [com.makeramen:roundedimageview:2.3.0] AndroidManifest.xml:7:5-43
MERGED from [com.github.zcweng:switch-button:0.0.2] AndroidManifest.xml:7:5-9:41
MERGED from [CommunityAlliance.Libraries:DroidPlugin:unspecified] AndroidManifest.xml:30:5-43
MERGED from [com.liulishuo.filedownloader:library:1.4.2] AndroidManifest.xml:7:5-9:41
MERGED from [com.czp.arcProgressBar:ArcProgressBar:1.0.1] AndroidManifest.xml:7:5-9:41
MERGED from [com.android.support:appcompat-v7:25.1.0] AndroidManifest.xml:21:5-23:78
MERGED from [com.android.support:support-v4:25.1.0] AndroidManifest.xml:21:5-23:54
MERGED from [com.android.support:support-fragment:25.1.0] AndroidManifest.xml:21:5-23:60
MERGED from [com.android.support:support-media-compat:25.1.0] AndroidManifest.xml:21:5-23:63
MERGED from [com.android.support:support-core-ui:25.1.0] AndroidManifest.xml:21:5-23:58
MERGED from [com.android.support:support-core-utils:25.1.0] AndroidManifest.xml:21:5-23:61
MERGED from [com.android.support:animated-vector-drawable:25.1.0] AndroidManifest.xml:20:5-44
MERGED from [com.android.support:support-vector-drawable:25.1.0] AndroidManifest.xml:21:5-43
MERGED from [com.android.support:support-compat:25.1.0] AndroidManifest.xml:21:5-23:58
	tools:overrideLibrary
		ADDED from [com.android.support:design:25.1.0] AndroidManifest.xml:23:9-59
	android:targetSdkVersion
		INJECTED from src\main\AndroidManifest.xml
		INJECTED from src\main\AndroidManifest.xml
	android:minSdkVersion
		INJECTED from src\main\AndroidManifest.xml
		INJECTED from src\main\AndroidManifest.xml
uses-permission#android.permission.ACCESS_COARSE_LOCATION
ADDED from [CommunityAlliance.Libraries:DroidPlugin:unspecified] AndroidManifest.xml:33:5-81
	android:name
		ADDED from [CommunityAlliance.Libraries:DroidPlugin:unspecified] AndroidManifest.xml:33:22-78
uses-permission#android.permission.ACCESS_FINE_LOCATION
ADDED from [CommunityAlliance.Libraries:DroidPlugin:unspecified] AndroidManifest.xml:34:5-79
	android:name
		ADDED from [CommunityAlliance.Libraries:DroidPlugin:unspecified] AndroidManifest.xml:34:22-76
uses-permission#android.permission.ACCESS_LOCATION_EXTRA_COMMANDS
ADDED from [CommunityAlliance.Libraries:DroidPlugin:unspecified] AndroidManifest.xml:35:5-89
	android:name
		ADDED from [CommunityAlliance.Libraries:DroidPlugin:unspecified] AndroidManifest.xml:35:22-86
uses-permission#android.permission.ACCESS_NETWORK_STATE
ADDED from [CommunityAlliance.Libraries:DroidPlugin:unspecified] AndroidManifest.xml:36:5-79
	android:name
		ADDED from [CommunityAlliance.Libraries:DroidPlugin:unspecified] AndroidManifest.xml:36:22-76
uses-permission#android.permission.ACCESS_WIFI_STATE
ADDED from [CommunityAlliance.Libraries:DroidPlugin:unspecified] AndroidManifest.xml:37:5-76
	android:name
		ADDED from [CommunityAlliance.Libraries:DroidPlugin:unspecified] AndroidManifest.xml:37:22-73
uses-permission#android.permission.ACCESS_WIMAX_STATE
ADDED from [CommunityAlliance.Libraries:DroidPlugin:unspecified] AndroidManifest.xml:38:5-77
	android:name
		ADDED from [CommunityAlliance.Libraries:DroidPlugin:unspecified] AndroidManifest.xml:38:22-74
uses-permission#android.permission.AUTHENTICATE_ACCOUNTS
ADDED from [CommunityAlliance.Libraries:DroidPlugin:unspecified] AndroidManifest.xml:39:5-80
	android:name
		ADDED from [CommunityAlliance.Libraries:DroidPlugin:unspecified] AndroidManifest.xml:39:22-77
uses-permission#android.permission.BLUETOOTH
ADDED from [CommunityAlliance.Libraries:DroidPlugin:unspecified] AndroidManifest.xml:40:5-68
	android:name
		ADDED from [CommunityAlliance.Libraries:DroidPlugin:unspecified] AndroidManifest.xml:40:22-65
uses-permission#android.permission.BLUETOOTH_ADMIN
ADDED from [CommunityAlliance.Libraries:DroidPlugin:unspecified] AndroidManifest.xml:41:5-74
	android:name
		ADDED from [CommunityAlliance.Libraries:DroidPlugin:unspecified] AndroidManifest.xml:41:22-71
uses-permission#android.permission.BODY_SENSORS
ADDED from [CommunityAlliance.Libraries:DroidPlugin:unspecified] AndroidManifest.xml:42:5-71
	android:name
		ADDED from [CommunityAlliance.Libraries:DroidPlugin:unspecified] AndroidManifest.xml:42:22-68
uses-permission#android.permission.BROADCAST_STICKY
ADDED from [CommunityAlliance.Libraries:DroidPlugin:unspecified] AndroidManifest.xml:43:5-75
	android:name
		ADDED from [CommunityAlliance.Libraries:DroidPlugin:unspecified] AndroidManifest.xml:43:22-72
uses-permission#android.permission.CALL_PHONE
ADDED from [CommunityAlliance.Libraries:DroidPlugin:unspecified] AndroidManifest.xml:44:5-69
	android:name
		ADDED from [CommunityAlliance.Libraries:DroidPlugin:unspecified] AndroidManifest.xml:44:22-66
uses-permission#android.permission.CAMERA
ADDED from [CommunityAlliance.Libraries:DroidPlugin:unspecified] AndroidManifest.xml:45:5-65
	android:name
		ADDED from [CommunityAlliance.Libraries:DroidPlugin:unspecified] AndroidManifest.xml:45:22-62
uses-permission#android.permission.CHANGE_NETWORK_STATE
ADDED from [CommunityAlliance.Libraries:DroidPlugin:unspecified] AndroidManifest.xml:46:5-79
	android:name
		ADDED from [CommunityAlliance.Libraries:DroidPlugin:unspecified] AndroidManifest.xml:46:22-76
uses-permission#android.permission.CHANGE_WIFI_MULTICAST_STATE
ADDED from [CommunityAlliance.Libraries:DroidPlugin:unspecified] AndroidManifest.xml:47:5-86
	android:name
		ADDED from [CommunityAlliance.Libraries:DroidPlugin:unspecified] AndroidManifest.xml:47:22-83
uses-permission#android.permission.CHANGE_WIFI_STATE
ADDED from [CommunityAlliance.Libraries:DroidPlugin:unspecified] AndroidManifest.xml:48:5-76
	android:name
		ADDED from [CommunityAlliance.Libraries:DroidPlugin:unspecified] AndroidManifest.xml:48:22-73
uses-permission#android.permission.CHANGE_WIMAX_STATE
ADDED from [CommunityAlliance.Libraries:DroidPlugin:unspecified] AndroidManifest.xml:49:5-77
	android:name
		ADDED from [CommunityAlliance.Libraries:DroidPlugin:unspecified] AndroidManifest.xml:49:22-74
uses-permission#android.permission.CLEAR_APP_CACHE
ADDED from [CommunityAlliance.Libraries:DroidPlugin:unspecified] AndroidManifest.xml:50:5-74
	android:name
		ADDED from [CommunityAlliance.Libraries:DroidPlugin:unspecified] AndroidManifest.xml:50:22-71
uses-permission#android.permission.DISABLE_KEYGUARD
ADDED from [CommunityAlliance.Libraries:DroidPlugin:unspecified] AndroidManifest.xml:51:5-75
	android:name
		ADDED from [CommunityAlliance.Libraries:DroidPlugin:unspecified] AndroidManifest.xml:51:22-72
uses-permission#android.permission.DOWNLOAD_WITHOUT_NOTIFICATION
ADDED from [CommunityAlliance.Libraries:DroidPlugin:unspecified] AndroidManifest.xml:52:5-88
	android:name
		ADDED from [CommunityAlliance.Libraries:DroidPlugin:unspecified] AndroidManifest.xml:52:22-85
uses-permission#android.permission.EXPAND_STATUS_BAR
ADDED from [CommunityAlliance.Libraries:DroidPlugin:unspecified] AndroidManifest.xml:53:5-76
	android:name
		ADDED from [CommunityAlliance.Libraries:DroidPlugin:unspecified] AndroidManifest.xml:53:22-73
uses-permission#android.permission.FLASHLIGHT
ADDED from [CommunityAlliance.Libraries:DroidPlugin:unspecified] AndroidManifest.xml:54:5-69
	android:name
		ADDED from [CommunityAlliance.Libraries:DroidPlugin:unspecified] AndroidManifest.xml:54:22-66
uses-permission#android.permission.GET_ACCOUNTS
ADDED from [CommunityAlliance.Libraries:DroidPlugin:unspecified] AndroidManifest.xml:55:5-71
	android:name
		ADDED from [CommunityAlliance.Libraries:DroidPlugin:unspecified] AndroidManifest.xml:55:22-68
uses-permission#android.permission.GET_PACKAGE_SIZE
ADDED from [CommunityAlliance.Libraries:DroidPlugin:unspecified] AndroidManifest.xml:56:5-75
	android:name
		ADDED from [CommunityAlliance.Libraries:DroidPlugin:unspecified] AndroidManifest.xml:56:22-72
uses-permission#android.permission.GET_TASKS
ADDED from [CommunityAlliance.Libraries:DroidPlugin:unspecified] AndroidManifest.xml:57:5-68
	android:name
		ADDED from [CommunityAlliance.Libraries:DroidPlugin:unspecified] AndroidManifest.xml:57:22-65
uses-permission#android.permission.KILL_BACKGROUND_PROCESSES
ADDED from [CommunityAlliance.Libraries:DroidPlugin:unspecified] AndroidManifest.xml:59:5-84
	android:name
		ADDED from [CommunityAlliance.Libraries:DroidPlugin:unspecified] AndroidManifest.xml:59:22-81
uses-permission#android.permission.MANAGE_ACCOUNTS
ADDED from [CommunityAlliance.Libraries:DroidPlugin:unspecified] AndroidManifest.xml:60:5-74
	android:name
		ADDED from [CommunityAlliance.Libraries:DroidPlugin:unspecified] AndroidManifest.xml:60:22-71
uses-permission#android.permission.MODIFY_AUDIO_SETTINGS
ADDED from [CommunityAlliance.Libraries:DroidPlugin:unspecified] AndroidManifest.xml:61:5-80
	android:name
		ADDED from [CommunityAlliance.Libraries:DroidPlugin:unspecified] AndroidManifest.xml:61:22-77
uses-permission#android.permission.NFC
ADDED from [CommunityAlliance.Libraries:DroidPlugin:unspecified] AndroidManifest.xml:62:5-62
	android:name
		ADDED from [CommunityAlliance.Libraries:DroidPlugin:unspecified] AndroidManifest.xml:62:22-59
uses-permission#android.permission.PERSISTENT_ACTIVITY
ADDED from [CommunityAlliance.Libraries:DroidPlugin:unspecified] AndroidManifest.xml:63:5-78
	android:name
		ADDED from [CommunityAlliance.Libraries:DroidPlugin:unspecified] AndroidManifest.xml:63:22-75
uses-permission#android.permission.PROCESS_OUTGOING_CALLS
ADDED from [CommunityAlliance.Libraries:DroidPlugin:unspecified] AndroidManifest.xml:64:5-81
	android:name
		ADDED from [CommunityAlliance.Libraries:DroidPlugin:unspecified] AndroidManifest.xml:64:22-78
uses-permission#android.permission.READ_CALENDAR
ADDED from [CommunityAlliance.Libraries:DroidPlugin:unspecified] AndroidManifest.xml:65:5-72
	android:name
		ADDED from [CommunityAlliance.Libraries:DroidPlugin:unspecified] AndroidManifest.xml:65:22-69
uses-permission#android.permission.READ_CALL_LOG
ADDED from [CommunityAlliance.Libraries:DroidPlugin:unspecified] AndroidManifest.xml:66:5-72
IMPLIED from src\main\AndroidManifest.xml:2:1-53:12 reason: com.morgoo.droidplugin has targetSdkVersion < 16 and requested READ_CONTACTS
	android:name
		ADDED from [CommunityAlliance.Libraries:DroidPlugin:unspecified] AndroidManifest.xml:66:22-69
uses-permission#android.permission.READ_CELL_BROADCASTS
ADDED from [CommunityAlliance.Libraries:DroidPlugin:unspecified] AndroidManifest.xml:67:5-79
	android:name
		ADDED from [CommunityAlliance.Libraries:DroidPlugin:unspecified] AndroidManifest.xml:67:22-76
uses-permission#android.permission.READ_CONTACTS
ADDED from [CommunityAlliance.Libraries:DroidPlugin:unspecified] AndroidManifest.xml:68:5-72
	android:name
		ADDED from [CommunityAlliance.Libraries:DroidPlugin:unspecified] AndroidManifest.xml:68:22-69
uses-permission#android.permission.READ_INSTALL_SESSIONS
ADDED from [CommunityAlliance.Libraries:DroidPlugin:unspecified] AndroidManifest.xml:70:5-80
	android:name
		ADDED from [CommunityAlliance.Libraries:DroidPlugin:unspecified] AndroidManifest.xml:70:22-77
uses-permission#android.permission.READ_PHONE_STATE
ADDED from [CommunityAlliance.Libraries:DroidPlugin:unspecified] AndroidManifest.xml:71:5-75
	android:name
		ADDED from [CommunityAlliance.Libraries:DroidPlugin:unspecified] AndroidManifest.xml:71:22-72
uses-permission#android.permission.READ_PROFILE
ADDED from [CommunityAlliance.Libraries:DroidPlugin:unspecified] AndroidManifest.xml:72:5-71
	android:name
		ADDED from [CommunityAlliance.Libraries:DroidPlugin:unspecified] AndroidManifest.xml:72:22-68
uses-permission#android.permission.READ_SMS
ADDED from [CommunityAlliance.Libraries:DroidPlugin:unspecified] AndroidManifest.xml:73:5-67
	android:name
		ADDED from [CommunityAlliance.Libraries:DroidPlugin:unspecified] AndroidManifest.xml:73:22-64
uses-permission#android.permission.READ_SOCIAL_STREAM
ADDED from [CommunityAlliance.Libraries:DroidPlugin:unspecified] AndroidManifest.xml:74:5-77
	android:name
		ADDED from [CommunityAlliance.Libraries:DroidPlugin:unspecified] AndroidManifest.xml:74:22-74
uses-permission#android.permission.READ_SYNC_SETTINGS
ADDED from [CommunityAlliance.Libraries:DroidPlugin:unspecified] AndroidManifest.xml:75:5-77
	android:name
		ADDED from [CommunityAlliance.Libraries:DroidPlugin:unspecified] AndroidManifest.xml:75:22-74
uses-permission#android.permission.READ_SYNC_STATS
ADDED from [CommunityAlliance.Libraries:DroidPlugin:unspecified] AndroidManifest.xml:76:5-74
	android:name
		ADDED from [CommunityAlliance.Libraries:DroidPlugin:unspecified] AndroidManifest.xml:76:22-71
uses-permission#android.permission.READ_USER_DICTIONARY
ADDED from [CommunityAlliance.Libraries:DroidPlugin:unspecified] AndroidManifest.xml:77:5-79
	android:name
		ADDED from [CommunityAlliance.Libraries:DroidPlugin:unspecified] AndroidManifest.xml:77:22-76
uses-permission#android.permission.RECEIVE_MMS
ADDED from [CommunityAlliance.Libraries:DroidPlugin:unspecified] AndroidManifest.xml:79:5-70
	android:name
		ADDED from [CommunityAlliance.Libraries:DroidPlugin:unspecified] AndroidManifest.xml:79:22-67
uses-permission#android.permission.RECEIVE_SMS
ADDED from [CommunityAlliance.Libraries:DroidPlugin:unspecified] AndroidManifest.xml:80:5-70
	android:name
		ADDED from [CommunityAlliance.Libraries:DroidPlugin:unspecified] AndroidManifest.xml:80:22-67
uses-permission#android.permission.RECEIVE_WAP_PUSH
ADDED from [CommunityAlliance.Libraries:DroidPlugin:unspecified] AndroidManifest.xml:81:5-75
	android:name
		ADDED from [CommunityAlliance.Libraries:DroidPlugin:unspecified] AndroidManifest.xml:81:22-72
uses-permission#android.permission.RECORD_AUDIO
ADDED from [CommunityAlliance.Libraries:DroidPlugin:unspecified] AndroidManifest.xml:82:5-71
	android:name
		ADDED from [CommunityAlliance.Libraries:DroidPlugin:unspecified] AndroidManifest.xml:82:22-68
uses-permission#android.permission.REORDER_TASKS
ADDED from [CommunityAlliance.Libraries:DroidPlugin:unspecified] AndroidManifest.xml:83:5-72
	android:name
		ADDED from [CommunityAlliance.Libraries:DroidPlugin:unspecified] AndroidManifest.xml:83:22-69
uses-permission#android.permission.RESTART_PACKAGES
ADDED from [CommunityAlliance.Libraries:DroidPlugin:unspecified] AndroidManifest.xml:84:5-75
	android:name
		ADDED from [CommunityAlliance.Libraries:DroidPlugin:unspecified] AndroidManifest.xml:84:22-72
uses-permission#android.permission.SEND_SMS
ADDED from [CommunityAlliance.Libraries:DroidPlugin:unspecified] AndroidManifest.xml:85:5-67
	android:name
		ADDED from [CommunityAlliance.Libraries:DroidPlugin:unspecified] AndroidManifest.xml:85:22-64
uses-permission#android.permission.SET_TIME_ZONE
ADDED from [CommunityAlliance.Libraries:DroidPlugin:unspecified] AndroidManifest.xml:86:5-72
	android:name
		ADDED from [CommunityAlliance.Libraries:DroidPlugin:unspecified] AndroidManifest.xml:86:22-69
uses-permission#android.permission.SET_WALLPAPER
ADDED from [CommunityAlliance.Libraries:DroidPlugin:unspecified] AndroidManifest.xml:87:5-72
	android:name
		ADDED from [CommunityAlliance.Libraries:DroidPlugin:unspecified] AndroidManifest.xml:87:22-69
uses-permission#android.permission.SET_WALLPAPER_HINTS
ADDED from [CommunityAlliance.Libraries:DroidPlugin:unspecified] AndroidManifest.xml:88:5-78
	android:name
		ADDED from [CommunityAlliance.Libraries:DroidPlugin:unspecified] AndroidManifest.xml:88:22-75
uses-permission#android.permission.SUBSCRIBED_FEEDS_READ
ADDED from [CommunityAlliance.Libraries:DroidPlugin:unspecified] AndroidManifest.xml:89:5-80
	android:name
		ADDED from [CommunityAlliance.Libraries:DroidPlugin:unspecified] AndroidManifest.xml:89:22-77
uses-permission#android.permission.SUBSCRIBED_FEEDS_WRITE
ADDED from [CommunityAlliance.Libraries:DroidPlugin:unspecified] AndroidManifest.xml:90:5-81
	android:name
		ADDED from [CommunityAlliance.Libraries:DroidPlugin:unspecified] AndroidManifest.xml:90:22-78
uses-permission#android.permission.TRANSMIT_IR
ADDED from [CommunityAlliance.Libraries:DroidPlugin:unspecified] AndroidManifest.xml:92:5-70
	android:name
		ADDED from [CommunityAlliance.Libraries:DroidPlugin:unspecified] AndroidManifest.xml:92:22-67
uses-permission#android.permission.USE_CREDENTIALS
ADDED from [CommunityAlliance.Libraries:DroidPlugin:unspecified] AndroidManifest.xml:93:5-74
	android:name
		ADDED from [CommunityAlliance.Libraries:DroidPlugin:unspecified] AndroidManifest.xml:93:22-71
uses-permission#android.permission.USE_SIP
ADDED from [CommunityAlliance.Libraries:DroidPlugin:unspecified] AndroidManifest.xml:94:5-66
	android:name
		ADDED from [CommunityAlliance.Libraries:DroidPlugin:unspecified] AndroidManifest.xml:94:22-63
uses-permission#android.permission.WAKE_LOCK
ADDED from [CommunityAlliance.Libraries:DroidPlugin:unspecified] AndroidManifest.xml:96:5-68
	android:name
		ADDED from [CommunityAlliance.Libraries:DroidPlugin:unspecified] AndroidManifest.xml:96:22-65
uses-permission#android.permission.WRITE_CALENDAR
ADDED from [CommunityAlliance.Libraries:DroidPlugin:unspecified] AndroidManifest.xml:97:5-73
	android:name
		ADDED from [CommunityAlliance.Libraries:DroidPlugin:unspecified] AndroidManifest.xml:97:22-70
uses-permission#android.permission.WRITE_CALL_LOG
ADDED from [CommunityAlliance.Libraries:DroidPlugin:unspecified] AndroidManifest.xml:98:5-73
IMPLIED from src\main\AndroidManifest.xml:2:1-53:12 reason: com.morgoo.droidplugin has targetSdkVersion < 16 and requested WRITE_CONTACTS
	android:name
		ADDED from [CommunityAlliance.Libraries:DroidPlugin:unspecified] AndroidManifest.xml:98:22-70
uses-permission#android.permission.WRITE_CONTACTS
ADDED from [CommunityAlliance.Libraries:DroidPlugin:unspecified] AndroidManifest.xml:99:5-73
	android:name
		ADDED from [CommunityAlliance.Libraries:DroidPlugin:unspecified] AndroidManifest.xml:99:22-70
uses-permission#android.permission.WRITE_PROFILE
ADDED from [CommunityAlliance.Libraries:DroidPlugin:unspecified] AndroidManifest.xml:101:5-72
	android:name
		ADDED from [CommunityAlliance.Libraries:DroidPlugin:unspecified] AndroidManifest.xml:101:22-69
uses-permission#android.permission.WRITE_SETTINGS
ADDED from [CommunityAlliance.Libraries:DroidPlugin:unspecified] AndroidManifest.xml:102:5-73
	android:name
		ADDED from [CommunityAlliance.Libraries:DroidPlugin:unspecified] AndroidManifest.xml:102:22-70
uses-permission#android.permission.WRITE_SMS
ADDED from [CommunityAlliance.Libraries:DroidPlugin:unspecified] AndroidManifest.xml:103:5-68
	android:name
		ADDED from [CommunityAlliance.Libraries:DroidPlugin:unspecified] AndroidManifest.xml:103:22-65
uses-permission#android.permission.WRITE_SOCIAL_STREAM
ADDED from [CommunityAlliance.Libraries:DroidPlugin:unspecified] AndroidManifest.xml:104:5-78
	android:name
		ADDED from [CommunityAlliance.Libraries:DroidPlugin:unspecified] AndroidManifest.xml:104:22-75
uses-permission#android.permission.WRITE_SYNC_SETTINGS
ADDED from [CommunityAlliance.Libraries:DroidPlugin:unspecified] AndroidManifest.xml:105:5-78
	android:name
		ADDED from [CommunityAlliance.Libraries:DroidPlugin:unspecified] AndroidManifest.xml:105:22-75
uses-permission#android.permission.WRITE_USER_DICTIONARY
ADDED from [CommunityAlliance.Libraries:DroidPlugin:unspecified] AndroidManifest.xml:106:5-80
	android:name
		ADDED from [CommunityAlliance.Libraries:DroidPlugin:unspecified] AndroidManifest.xml:106:22-77
uses-permission#com.android.alarm.permission.SET_ALARM
ADDED from [CommunityAlliance.Libraries:DroidPlugin:unspecified] AndroidManifest.xml:107:5-78
	android:name
		ADDED from [CommunityAlliance.Libraries:DroidPlugin:unspecified] AndroidManifest.xml:107:22-75
uses-permission#com.android.browser.permission.READ_HISTORY_BOOKMARKS
ADDED from [CommunityAlliance.Libraries:DroidPlugin:unspecified] AndroidManifest.xml:108:5-93
	android:name
		ADDED from [CommunityAlliance.Libraries:DroidPlugin:unspecified] AndroidManifest.xml:108:22-90
uses-permission#com.android.browser.permission.WRITE_HISTORY_BOOKMARKS
ADDED from [CommunityAlliance.Libraries:DroidPlugin:unspecified] AndroidManifest.xml:109:5-94
	android:name
		ADDED from [CommunityAlliance.Libraries:DroidPlugin:unspecified] AndroidManifest.xml:109:22-91
uses-permission#com.android.launcher.permission.INSTALL_SHORTCUT
ADDED from [CommunityAlliance.Libraries:DroidPlugin:unspecified] AndroidManifest.xml:110:5-88
	android:name
		ADDED from [CommunityAlliance.Libraries:DroidPlugin:unspecified] AndroidManifest.xml:110:22-85
uses-permission#com.android.launcher.permission.UNINSTALL_SHORTCUT
ADDED from [CommunityAlliance.Libraries:DroidPlugin:unspecified] AndroidManifest.xml:111:5-90
	android:name
		ADDED from [CommunityAlliance.Libraries:DroidPlugin:unspecified] AndroidManifest.xml:111:22-87
uses-permission#com.android.vending.BILLING
ADDED from [CommunityAlliance.Libraries:DroidPlugin:unspecified] AndroidManifest.xml:112:5-67
	android:name
		ADDED from [CommunityAlliance.Libraries:DroidPlugin:unspecified] AndroidManifest.xml:112:22-64
uses-permission#com.android.vending.CHECK_LICENSE
ADDED from [CommunityAlliance.Libraries:DroidPlugin:unspecified] AndroidManifest.xml:113:5-73
	android:name
		ADDED from [CommunityAlliance.Libraries:DroidPlugin:unspecified] AndroidManifest.xml:113:22-70
uses-permission#com.android.voicemail.permission.ADD_VOICEMAIL
ADDED from [CommunityAlliance.Libraries:DroidPlugin:unspecified] AndroidManifest.xml:114:5-86
	android:name
		ADDED from [CommunityAlliance.Libraries:DroidPlugin:unspecified] AndroidManifest.xml:114:22-83
uses-permission#com.google.android.c2dm.permission.RECEIVE
ADDED from [CommunityAlliance.Libraries:DroidPlugin:unspecified] AndroidManifest.xml:115:5-82
	android:name
		ADDED from [CommunityAlliance.Libraries:DroidPlugin:unspecified] AndroidManifest.xml:115:22-79
uses-permission#com.google.android.gms.permission.ACTIVITY_RECOGNITION
ADDED from [CommunityAlliance.Libraries:DroidPlugin:unspecified] AndroidManifest.xml:116:5-94
	android:name
		ADDED from [CommunityAlliance.Libraries:DroidPlugin:unspecified] AndroidManifest.xml:116:22-91
uses-permission#com.google.android.gms.permission.AD_ID_NOTIFICATION
ADDED from [CommunityAlliance.Libraries:DroidPlugin:unspecified] AndroidManifest.xml:117:5-92
	android:name
		ADDED from [CommunityAlliance.Libraries:DroidPlugin:unspecified] AndroidManifest.xml:117:22-89
uses-permission#com.google.android.googleapps.permission.GOOGLE_AUTH